TN:
SF:script/DeployMocks.s.sol
DA:28,0
FN:28,DeployMocks.run
FNDA:0,DeployMocks.run
DA:29,0
BRDA:29,0,0,-
BRDA:29,0,1,-
DA:30,0
BRDA:30,1,0,-
BRDA:30,1,1,-
DA:31,0
DA:32,0
DA:33,0
DA:34,0
DA:35,0
DA:36,0
DA:37,0
DA:38,0
DA:39,0
DA:55,0
DA:56,0
DA:57,0
DA:60,0
DA:61,0
DA:72,0
DA:73,0
DA:74,0
DA:75,0
DA:76,0
DA:77,0
DA:78,0
DA:79,0
FNF:1
FNH:0
LF:25
LH:0
BRF:4
BRH:0
end_of_record
TN:
SF:script/SepoliaSupport.sol
DA:29,2
FN:29,SepoliaSwapRouter.constructor.0
FNDA:2,SepoliaSwapRouter.constructor.0
DA:30,2
BRDA:30,0,0,2
BRDA:30,0,1,2
DA:31,2
DA:32,2
DA:33,2
DA:36,42
FN:36,SepoliaSwapRouter.quote
FNDA:42,SepoliaSwapRouter.quote
DA:37,42
DA:40,3
FN:40,SepoliaSwapRouter.exactInput
FNDA:3,SepoliaSwapRouter.exactInput
DA:41,3
BRDA:41,1,0,-
BRDA:41,1,1,-
DA:42,2
BRDA:42,2,0,2
BRDA:42,2,1,-
DA:43,2
DA:44,2
BRDA:44,3,0,-
BRDA:44,3,1,-
DA:45,1
DA:53,1
FN:53,SepoliaQuoter.constructor.1
FNDA:1,SepoliaQuoter.constructor.1
DA:54,1
BRDA:54,4,0,-
BRDA:54,4,1,-
DA:55,1
DA:58,19
FN:58,SepoliaQuoter.quoteExactInput
FNDA:19,SepoliaQuoter.quoteExactInput
DA:63,19
DA:64,19
DA:65,19
DA:66,19
DA:78,21
FN:78,SepoliaToken.constructor.2
FNDA:21,SepoliaToken.constructor.2
DA:79,21
DA:80,21
DA:83,0
FN:83,SepoliaToken.setAdmin.0
FNDA:0,SepoliaToken.setAdmin.0
DA:84,0
BRDA:84,5,0,-
BRDA:84,5,1,-
DA:85,0
BRDA:85,6,0,-
BRDA:85,6,1,-
DA:86,0
DA:89,0
FN:89,SepoliaToken.decimals
FNDA:0,SepoliaToken.decimals
DA:90,0
DA:93,5
FN:93,SepoliaToken.mint.0
FNDA:5,SepoliaToken.mint.0
DA:94,5
DA:98,3
FN:98,SepoliaToken.setBlocked
FNDA:3,SepoliaToken.setBlocked
DA:99,3
BRDA:99,7,0,-
BRDA:99,7,1,-
DA:100,3
DA:103,9
FN:103,SepoliaToken._update
FNDA:9,SepoliaToken._update
DA:104,9
BRDA:104,8,0,-
BRDA:104,8,1,-
DA:105,9
DA:127,7
FN:127,SepoliaLocker.constructor.3
FNDA:7,SepoliaLocker.constructor.3
DA:128,7
DA:129,7
DA:130,7
DA:131,7
DA:132,7
DA:133,7
DA:134,7
DA:135,7
DA:136,7
DA:139,4
FN:139,SepoliaLocker.setFeeAmounts
FNDA:4,SepoliaLocker.setFeeAmounts
DA:140,4
BRDA:140,9,0,-
BRDA:140,9,1,-
DA:141,4
DA:142,4
DA:145,2
FN:145,SepoliaLocker.setFeeAdmin
FNDA:2,SepoliaLocker.setFeeAdmin
DA:146,2
BRDA:146,10,0,-
BRDA:146,10,1,-
DA:147,2
BRDA:147,11,0,-
BRDA:147,11,1,-
DA:148,2
DA:151,1
FN:151,SepoliaLocker.transferOwnership
FNDA:1,SepoliaLocker.transferOwnership
DA:152,1
BRDA:152,12,0,-
BRDA:152,12,1,-
DA:153,1
DA:156,0
FN:156,SepoliaLocker.released
FNDA:0,SepoliaLocker.released
DA:157,0
FN:157,SepoliaLocker.end
FNDA:0,SepoliaLocker.end
DA:159,0
FN:159,SepoliaLocker.release
FNDA:0,SepoliaLocker.release
DA:160,0
BRDA:160,13,0,-
BRDA:160,13,1,-
DA:161,0
DA:165,0
FN:165,SepoliaLocker.collectFees
FNDA:0,SepoliaLocker.collectFees
DA:166,0
BRDA:166,14,0,-
BRDA:166,14,1,-
DA:167,0
DA:168,0
DA:180,7
FN:180,SepoliaPositionManager.constructor.4
FNDA:7,SepoliaPositionManager.constructor.4
DA:182,2
FN:182,SepoliaPositionManager.mint.1
FNDA:2,SepoliaPositionManager.mint.1
DA:184,0
FN:184,SepoliaPositionManager.setAdmin.1
FNDA:0,SepoliaPositionManager.setAdmin.1
DA:185,0
BRDA:185,15,0,-
BRDA:185,15,1,-
DA:186,0
BRDA:186,16,0,-
BRDA:186,16,1,-
DA:187,0
DA:191,3
FN:191,SepoliaPositionManager.configureFees
FNDA:3,SepoliaPositionManager.configureFees
DA:192,3
BRDA:192,17,0,-
BRDA:192,17,1,-
DA:193,3
DA:194,3
DA:195,3
DA:196,3
DA:199,2
FN:199,SepoliaPositionManager.collect
FNDA:2,SepoliaPositionManager.collect
DA:204,2
BRDA:204,18,0,-
BRDA:204,18,1,-
DA:205,1
BRDA:205,19,0,1
BRDA:205,19,1,1
DA:206,1
BRDA:206,20,0,-
DA:207,1
DA:208,1
DA:209,1
FNF:24
FNH:17
LF:87
LH:68
BRF:41
BRH:5
end_of_record
TN:
SF:src/AerodromeFeeHarvester.sol
DA:94,31
FN:94,AerodromeFeeHarvester.constructor
FNDA:31,AerodromeFeeHarvester.constructor
DA:105,31
BRDA:105,0,0,31
BRDA:105,0,1,30
DA:110,30
BRDA:110,1,0,30
BRDA:110,1,1,29
DA:111,29
BRDA:111,2,0,-
BRDA:111,2,1,-
DA:112,28
BRDA:112,3,0,28
BRDA:112,3,1,27
DA:113,26
BRDA:113,4,0,-
BRDA:113,4,1,-
DA:114,31
DA:115,25
DA:116,31
DA:117,31
DA:118,25
DA:119,31
DA:120,31
DA:121,25
DA:133,275
FN:133,AerodromeFeeHarvester.harvest
FNDA:275,AerodromeFeeHarvester.harvest
DA:134,275
BRDA:134,5,0,275
BRDA:134,5,1,6
DA:135,274
DA:139,274
DA:145,270
DA:146,270
BRDA:146,6,0,262
DA:148,270
DA:149,270
BRDA:149,7,0,263
DA:151,270
DA:155,13
FN:155,AerodromeFeeHarvester.holdsPosition
FNDA:13,AerodromeFeeHarvester.holdsPosition
DA:156,13
DA:163,6
FN:163,AerodromeFeeHarvester.proposeDestination
FNDA:6,AerodromeFeeHarvester.proposeDestination
DA:164,6
BRDA:164,8,0,-
BRDA:164,8,1,-
DA:165,3
BRDA:165,9,0,-
BRDA:165,9,1,-
DA:166,3
DA:167,3
DA:168,3
DA:171,4
FN:171,AerodromeFeeHarvester.applyDestination
FNDA:4,AerodromeFeeHarvester.applyDestination
DA:172,4
BRDA:172,10,0,-
BRDA:172,10,1,-
DA:173,3
BRDA:173,11,0,-
BRDA:173,11,1,-
DA:174,2
BRDA:174,12,0,-
BRDA:174,12,1,-
DA:176,1
DA:177,1
DA:178,1
DA:179,1
DA:180,1
DA:183,2
FN:183,AerodromeFeeHarvester.cancelDestinationChange
FNDA:2,AerodromeFeeHarvester.cancelDestinationChange
DA:184,2
BRDA:184,13,0,-
BRDA:184,13,1,-
DA:185,1
DA:186,1
DA:187,1
DA:191,4
FN:191,AerodromeFeeHarvester.lockDestinationForever
FNDA:4,AerodromeFeeHarvester.lockDestinationForever
DA:192,4
BRDA:192,14,0,-
BRDA:192,14,1,-
DA:193,4
BRDA:193,15,0,-
BRDA:193,15,1,-
DA:194,3
DA:195,3
DA:205,3
FN:205,AerodromeFeeHarvester.lockForever
FNDA:3,AerodromeFeeHarvester.lockForever
DA:206,3
BRDA:206,16,0,-
BRDA:206,16,1,-
DA:207,3
DA:208,3
DA:213,4
FN:213,AerodromeFeeHarvester.extendLock
FNDA:4,AerodromeFeeHarvester.extendLock
DA:214,4
BRDA:214,17,0,-
BRDA:214,17,1,-
DA:215,3
BRDA:215,18,0,-
BRDA:215,18,1,-
DA:216,2
BRDA:216,19,0,2
BRDA:216,19,1,2
DA:219,4
DA:224,6
FN:224,AerodromeFeeHarvester.withdrawPosition
FNDA:6,AerodromeFeeHarvester.withdrawPosition
DA:225,6
BRDA:225,20,0,-
BRDA:225,20,1,-
DA:226,2
BRDA:226,21,0,-
BRDA:226,21,1,-
DA:227,1
BRDA:227,22,0,-
BRDA:227,22,1,-
DA:228,1
DA:229,1
DA:239,3
FN:239,AerodromeFeeHarvester.rescueToken
FNDA:3,AerodromeFeeHarvester.rescueToken
DA:240,3
BRDA:240,23,0,3
BRDA:240,23,1,2
DA:241,1
BRDA:241,24,0,-
BRDA:241,24,1,-
DA:242,3
DA:245,27
FN:245,AerodromeFeeHarvester.onERC721Received
FNDA:27,AerodromeFeeHarvester.onERC721Received
DA:251,27
BRDA:251,25,0,27
BRDA:251,25,1,26
DA:252,25
FNF:12
FNH:12
LF:72
LH:72
BRF:50
BRH:16
end_of_record
TN:
SF:src/AerodromeVammHarvester.sol
DA:58,21
FN:58,AerodromeVammHarvester.constructor
FNDA:21,AerodromeVammHarvester.constructor
DA:63,21
BRDA:63,0,0,21
BRDA:63,0,1,21
DA:65,21
BRDA:65,1,0,21
BRDA:65,1,1,21
DA:66,21
BRDA:66,2,0,21
BRDA:66,2,1,21
DA:69,21
DA:70,21
BRDA:70,3,0,21
BRDA:70,3,1,-
DA:72,20
BRDA:72,4,0,20
BRDA:72,4,1,-
DA:73,19
DA:74,19
BRDA:74,5,0,2
BRDA:74,5,1,1
DA:75,18
BRDA:75,6,0,18
BRDA:75,6,1,18
DA:76,18
BRDA:76,7,0,-
BRDA:76,7,1,-
DA:77,18
DA:78,19
DA:79,18
DA:80,19
DA:85,1564
FN:85,AerodromeVammHarvester.harvest
FNDA:1564,AerodromeVammHarvester.harvest
DA:86,1564
BRDA:86,8,0,1564
BRDA:86,8,1,841
DA:87,1401
DA:88,1401
DA:89,1401
DA:90,994
BRDA:90,9,0,994
BRDA:90,9,1,-
DA:91,809
DA:92,809
DA:93,809
BRDA:93,10,0,495
DA:94,809
BRDA:94,11,0,496
DA:95,809
DA:100,8
FN:100,AerodromeVammHarvester.holdsPosition
FNDA:8,AerodromeVammHarvester.holdsPosition
DA:101,8
DA:102,5
DA:103,4
DA:106,299
FN:106,AerodromeVammHarvester.proposeDestination
FNDA:299,AerodromeVammHarvester.proposeDestination
DA:107,299
BRDA:107,12,0,-
BRDA:107,12,1,-
DA:108,9
DA:109,4
DA:110,4
DA:112,4
FN:112,AerodromeVammHarvester.applyDestination
FNDA:4,AerodromeVammHarvester.applyDestination
DA:113,4
BRDA:113,13,0,-
BRDA:113,13,1,-
DA:114,4
BRDA:114,14,0,-
BRDA:114,14,1,-
DA:115,2
BRDA:115,15,0,-
BRDA:115,15,1,-
DA:116,1
DA:117,1
DA:118,1
DA:120,3
FN:120,AerodromeVammHarvester.cancelDestinationChange
FNDA:3,AerodromeVammHarvester.cancelDestinationChange
DA:121,3
BRDA:121,16,0,-
BRDA:121,16,1,-
DA:122,3
DA:123,3
DA:125,5
FN:125,AerodromeVammHarvester.lockDestinationForever
FNDA:5,AerodromeVammHarvester.lockDestinationForever
DA:126,5
BRDA:126,17,0,-
BRDA:126,17,1,-
DA:127,5
BRDA:127,18,0,-
BRDA:127,18,1,-
DA:128,4
DA:131,4
FN:131,AerodromeVammHarvester.lockForever
FNDA:4,AerodromeVammHarvester.lockForever
DA:132,4
BRDA:132,19,0,-
BRDA:132,19,1,-
DA:133,4
DA:135,2
FN:135,AerodromeVammHarvester.extendLock
FNDA:2,AerodromeVammHarvester.extendLock
DA:136,2
BRDA:136,20,0,-
BRDA:136,20,1,-
DA:137,2
BRDA:137,21,0,-
BRDA:137,21,1,-
DA:138,1
BRDA:138,22,0,1
BRDA:138,22,1,1
DA:139,1
DA:143,421
FN:143,AerodromeVammHarvester.withdrawLiquidity
FNDA:421,AerodromeVammHarvester.withdrawLiquidity
DA:144,421
BRDA:144,23,0,-
BRDA:144,23,1,-
DA:145,5
BRDA:145,24,0,-
BRDA:145,24,1,-
DA:146,3
BRDA:146,25,0,3
BRDA:146,25,1,3
DA:147,3
BRDA:147,26,0,-
BRDA:147,26,1,-
DA:148,3
DA:149,421
DA:151,346
FN:151,AerodromeVammHarvester.rescueToken
FNDA:346,AerodromeVammHarvester.rescueToken
DA:152,346
BRDA:152,27,0,346
BRDA:152,27,1,2
DA:153,1
BRDA:153,28,0,1
BRDA:153,28,1,1
DA:154,346
DA:156,27
FN:156,AerodromeVammHarvester._checkDestination
FNDA:27,AerodromeVammHarvester._checkDestination
DA:157,27
BRDA:157,29,0,27
BRDA:157,29,1,21
FNF:12
FNH:12
LF:71
LH:71
BRF:58
BRH:27
end_of_record
TN:
SF:src/DickbuttRewardsDistributor.sol
DA:126,1274
FN:126,DickbuttRewardsDistributor.onlyKeeper
FNDA:1274,DickbuttRewardsDistributor.onlyKeeper
DA:127,1274
BRDA:127,0,0,-
BRDA:127,0,1,-
DA:131,3787
FN:131,DickbuttRewardsDistributor.onlyProposer
FNDA:3787,DickbuttRewardsDistributor.onlyProposer
DA:132,3787
BRDA:132,1,0,3787
BRDA:132,1,1,3759
DA:138,791
FN:138,DickbuttRewardsDistributor.onlyGuardianOrOwner
FNDA:791,DickbuttRewardsDistributor.onlyGuardianOrOwner
DA:139,791
BRDA:139,2,0,791
BRDA:139,2,1,2
DA:143,580
FN:143,DickbuttRewardsDistributor.constructor
FNDA:580,DickbuttRewardsDistributor.constructor
DA:144,580
BRDA:144,3,0,-
BRDA:144,3,1,-
DA:145,580
DA:146,580
DA:147,580
DA:148,580
DA:163,3530
FN:163,DickbuttRewardsDistributor.proposeRound
FNDA:3530,DickbuttRewardsDistributor.proposeRound
DA:164,3530
BRDA:164,4,0,-
BRDA:164,4,1,-
DA:165,3527
BRDA:165,5,0,-
BRDA:165,5,1,-
DA:166,3527
BRDA:166,6,0,-
BRDA:166,6,1,-
DA:167,3527
BRDA:167,7,0,3527
BRDA:167,7,1,2206
DA:172,3266
DA:173,3266
BRDA:173,8,0,-
BRDA:173,8,1,-
DA:176,3266
DA:177,3266
BRDA:177,9,0,-
BRDA:177,9,1,-
DA:179,3091
DA:180,3091
DA:182,3091
DA:183,3091
DA:185,3091
DA:194,789
FN:194,DickbuttRewardsDistributor.cancelPendingRound
FNDA:789,DickbuttRewardsDistributor.cancelPendingRound
DA:195,789
DA:196,789
BRDA:196,10,0,-
BRDA:196,10,1,-
DA:197,786
DA:198,786
DA:199,789
DA:208,1546
FN:208,DickbuttRewardsDistributor.activateRound
FNDA:1546,DickbuttRewardsDistributor.activateRound
DA:209,1546
DA:210,1546
BRDA:210,11,0,-
BRDA:210,11,1,-
DA:211,1545
BRDA:211,12,0,-
BRDA:211,12,1,-
DA:212,1283
BRDA:212,13,0,1283
BRDA:212,13,1,1283
DA:214,1283
DA:217,1546
DA:224,658
FN:224,DickbuttRewardsDistributor.closeRound
FNDA:658,DickbuttRewardsDistributor.closeRound
DA:225,658
DA:226,658
BRDA:226,14,0,-
BRDA:226,14,1,-
DA:228,658
DA:229,658
BRDA:229,15,0,307
DA:230,307
BRDA:230,16,0,-
BRDA:230,16,1,-
DA:233,654
DA:234,658
DA:235,654
DA:237,658
DA:250,1269
FN:250,DickbuttRewardsDistributor.distributeBatch
FNDA:1269,DickbuttRewardsDistributor.distributeBatch
DA:256,1269
DA:257,1269
BRDA:257,17,0,-
BRDA:257,17,1,-
DA:258,1269
BRDA:258,18,0,1269
BRDA:258,18,1,1269
DA:260,1269
DA:262,1269
DA:263,21325
DA:264,21325
DA:266,10635
BRDA:266,19,0,10635
DA:270,10690
DA:271,10690
BRDA:271,20,0,-
BRDA:271,20,1,-
DA:274,10690
DA:278,10686
BRDA:278,21,0,10686
DA:279,10384
DA:280,10384
DA:281,302
BRDA:281,21,1,302
DA:285,302
DA:286,302
DA:290,1265
DA:291,1265
BRDA:291,22,0,-
BRDA:291,22,1,-
DA:292,1265
DA:297,11697
FN:297,DickbuttRewardsDistributor.executeTransfer
FNDA:11697,DickbuttRewardsDistributor.executeTransfer
DA:298,11697
BRDA:298,23,0,-
BRDA:298,23,1,-
DA:299,11697
DA:309,584
FN:309,DickbuttRewardsDistributor._transferOwnership
FNDA:584,DickbuttRewardsDistributor._transferOwnership
DA:310,584
DA:311,584
DA:312,584
BRDA:312,24,0,3
DA:313,3
DA:314,3
DA:318,315
FN:318,DickbuttRewardsDistributor.setKeeper
FNDA:315,DickbuttRewardsDistributor.setKeeper
DA:319,315
BRDA:319,25,0,-
BRDA:319,25,1,-
DA:320,315
DA:321,315
DA:324,21
FN:324,DickbuttRewardsDistributor.setProposer
FNDA:21,DickbuttRewardsDistributor.setProposer
DA:325,21
BRDA:325,26,0,-
BRDA:325,26,1,-
DA:326,20
DA:327,21
DA:330,25
FN:330,DickbuttRewardsDistributor.setGuardian
FNDA:25,DickbuttRewardsDistributor.setGuardian
DA:331,25
BRDA:331,27,0,-
BRDA:331,27,1,-
DA:332,24
DA:333,25
DA:339,789
FN:339,DickbuttRewardsDistributor.pauseProposals
FNDA:789,DickbuttRewardsDistributor.pauseProposals
DA:340,789
DA:341,789
DA:346,798
FN:346,DickbuttRewardsDistributor.setRoundLimits
FNDA:798,DickbuttRewardsDistributor.setRoundLimits
DA:347,798
BRDA:347,28,0,798
BRDA:347,28,1,797
DA:348,796
BRDA:348,29,0,-
BRDA:348,29,1,-
DA:349,795
DA:350,795
DA:351,798
DA:356,538
FN:356,DickbuttRewardsDistributor.setRoundDelay
FNDA:538,DickbuttRewardsDistributor.setRoundDelay
DA:357,538
BRDA:357,30,0,-
BRDA:357,30,1,-
DA:358,538
DA:361,3331
FN:361,DickbuttRewardsDistributor.setMinPayout
FNDA:3331,DickbuttRewardsDistributor.setMinPayout
DA:362,3331
DA:368,1
FN:368,DickbuttRewardsDistributor.rescueToken
FNDA:1,DickbuttRewardsDistributor.rescueToken
DA:369,1
BRDA:369,31,0,-
BRDA:369,31,1,-
DA:370,0
BRDA:370,32,0,-
BRDA:370,32,1,-
DA:371,1
DA:382,5
FN:382,DickbuttRewardsDistributor.availableForNextRound
FNDA:5,DickbuttRewardsDistributor.availableForNextRound
DA:383,5
DA:384,5
DA:390,3062
FN:390,DickbuttRewardsDistributor.maxProposableTotal
FNDA:3062,DickbuttRewardsDistributor.maxProposableTotal
DA:391,3062
DA:392,3062
DA:393,3062
DA:397,4342
FN:397,DickbuttRewardsDistributor.nextProposalAllowedAt
FNDA:4342,DickbuttRewardsDistributor.nextProposalAllowedAt
DA:398,4342
DA:401,8246
FN:401,DickbuttRewardsDistributor.roundInfo
FNDA:8246,DickbuttRewardsDistributor.roundInfo
DA:406,8246
DA:407,8246
FNF:23
FNH:23
LF:121
LH:120
BRF:63
BRH:17
end_of_record
TN:
SF:src/FeeSplitter.sol
DA:59,270
FN:59,FeeSplitter.onlyKeeper
FNDA:270,FeeSplitter.onlyKeeper
DA:60,270
BRDA:60,0,0,-
BRDA:60,0,1,-
DA:64,18
FN:64,FeeSplitter.constructor
FNDA:18,FeeSplitter.constructor
DA:80,18
BRDA:80,1,0,18
BRDA:80,1,1,18
DA:85,18
BRDA:85,2,0,18
BRDA:85,2,1,17
DA:90,17
BRDA:90,3,0,17
BRDA:90,3,1,17
DA:96,17
BRDA:96,4,0,17
BRDA:96,4,1,16
DA:97,16
BRDA:97,5,0,-
BRDA:97,5,1,-
DA:98,16
DA:99,18
DA:100,16
DA:101,18
DA:102,16
DA:103,16
DA:104,16
DA:105,16
DA:106,16
DA:107,18
DA:108,18
DA:111,258
FN:111,FeeSplitter.splitDickbutt
FNDA:258,FeeSplitter.splitDickbutt
DA:112,258
DA:113,258
BRDA:113,6,0,-
BRDA:113,6,1,-
DA:114,258
DA:115,258
DA:116,258
BRDA:116,7,0,240
DA:117,258
DA:118,258
DA:124,268
FN:124,FeeSplitter.processWeth
FNDA:268,FeeSplitter.processWeth
DA:125,268
BRDA:125,8,0,-
BRDA:125,8,1,-
DA:126,267
BRDA:126,9,0,267
BRDA:126,9,1,266
DA:127,265
BRDA:127,10,0,265
BRDA:127,10,1,4
DA:128,264
DA:129,264
BRDA:129,11,0,-
BRDA:129,11,1,-
DA:130,264
DA:131,264
DA:132,264
DA:133,264
DA:134,264
DA:135,264
DA:136,264
DA:137,264
DA:138,264
BRDA:138,12,0,246
DA:139,264
BRDA:139,13,0,246
DA:140,264
DA:141,264
DA:142,264
DA:143,264
DA:144,264
DA:145,264
BRDA:145,14,0,-
BRDA:145,14,1,-
DA:146,264
BRDA:146,15,0,262
BRDA:146,15,1,-
DA:147,262
DA:150,16
FN:150,FeeSplitter.setKeeper
FNDA:16,FeeSplitter.setKeeper
DA:151,16
BRDA:151,16,0,-
BRDA:151,16,1,-
DA:152,16
DA:153,16
DA:156,256
FN:156,FeeSplitter.setSwapLimits
FNDA:256,FeeSplitter.setSwapLimits
DA:157,256
BRDA:157,17,0,-
BRDA:157,17,1,-
DA:158,256
DA:159,256
DA:160,256
DA:163,17
FN:163,FeeSplitter.setPriceFloor
FNDA:17,FeeSplitter.setPriceFloor
DA:164,17
BRDA:164,18,0,-
BRDA:164,18,1,-
DA:165,16
BRDA:165,19,0,16
BRDA:165,19,1,16
DA:166,15
DA:167,15
DA:168,17
DA:171,4
FN:171,FeeSplitter.rescueToken
FNDA:4,FeeSplitter.rescueToken
DA:172,4
BRDA:172,20,0,4
BRDA:172,20,1,2
DA:173,1
BRDA:173,21,0,-
BRDA:173,21,1,-
DA:174,4
DA:178,1
FN:178,FeeSplitter.forwardSpcxc
FNDA:1,FeeSplitter.forwardSpcxc
DA:179,1
DA:183,0
FN:183,FeeSplitter.rescueETH
FNDA:0,FeeSplitter.rescueETH
DA:184,0
BRDA:184,22,0,-
BRDA:184,22,1,-
DA:185,0
DA:186,0
BRDA:186,23,0,-
BRDA:186,23,1,-
FNF:10
FNH:9
LF:76
LH:72
BRF:45
BRH:20
end_of_record
TN:
SF:src/LegacyFeeHarvester.sol
DA:28,20
FN:28,LegacyFeeHarvester.constructor
FNDA:20,LegacyFeeHarvester.constructor
DA:29,20
BRDA:29,0,0,20
BRDA:29,0,1,19
DA:30,18
BRDA:30,1,0,18
BRDA:30,1,1,17
DA:31,17
BRDA:31,2,0,17
BRDA:31,2,1,16
DA:32,16
DA:33,19
BRDA:33,3,0,-
BRDA:33,3,1,-
DA:34,18
BRDA:34,4,0,-
BRDA:34,4,1,-
DA:35,17
BRDA:35,5,0,17
BRDA:35,5,1,-
DA:36,16
BRDA:36,6,0,-
BRDA:36,6,1,-
DA:38,12
DA:39,12
DA:40,12
DA:41,12
DA:46,264
FN:46,LegacyFeeHarvester.harvest
FNDA:264,LegacyFeeHarvester.harvest
DA:48,4
FN:48,LegacyFeeHarvester.harvestFrom
FNDA:4,LegacyFeeHarvester.harvestFrom
DA:50,1
FN:50,LegacyFeeHarvester.safeCount
FNDA:1,LegacyFeeHarvester.safeCount
DA:52,268
FN:52,LegacyFeeHarvester._harvest
FNDA:268,LegacyFeeHarvester._harvest
DA:53,268
DA:54,267
BRDA:54,7,0,-
BRDA:54,7,1,-
DA:55,266
BRDA:55,8,0,9
DA:56,257
DA:57,257
DA:58,255
DA:59,255
BRDA:59,9,0,-
BRDA:59,9,1,-
DA:60,255
DA:63,269
FN:63,LegacyFeeHarvester.isTokenCreator
FNDA:269,LegacyFeeHarvester.isTokenCreator
DA:64,269
FNF:6
FNH:6
LF:27
LH:27
BRF:19
BRH:8
end_of_record
TN:
SF:src/LockerHarvester.sol
DA:82,20
FN:82,LockerHarvester.constructor
FNDA:20,LockerHarvester.constructor
DA:90,20
BRDA:90,0,0,20
BRDA:90,0,1,20
DA:91,20
BRDA:91,1,0,20
BRDA:91,1,1,20
DA:92,20
BRDA:92,2,0,-
BRDA:92,2,1,-
DA:93,19
BRDA:93,3,0,19
BRDA:93,3,1,-
DA:94,19
BRDA:94,4,0,18
BRDA:94,4,1,-
DA:95,17
DA:96,17
DA:97,17
DA:98,18
DA:99,17
DA:114,5
FN:114,LockerHarvester.harvest
FNDA:5,LockerHarvester.harvest
DA:115,5
BRDA:115,5,0,5
BRDA:115,5,1,2
DA:116,4
DA:117,4
DA:118,4
DA:123,10
FN:123,LockerHarvester.recoverReleasedPosition
FNDA:10,LockerHarvester.recoverReleasedPosition
DA:124,10
BRDA:124,6,0,10
BRDA:124,6,1,9
DA:125,9
BRDA:125,7,0,9
BRDA:125,7,1,-
DA:126,8
BRDA:126,8,0,8
BRDA:126,8,1,-
DA:127,6
BRDA:127,9,0,3
DA:128,6
BRDA:128,10,0,6
BRDA:128,10,1,-
DA:129,5
DA:130,5
DA:134,2
FN:134,LockerHarvester.ownsLocker
FNDA:2,LockerHarvester.ownsLocker
DA:135,2
DA:142,5
FN:142,LockerHarvester.proposeDestination
FNDA:5,LockerHarvester.proposeDestination
DA:143,5
BRDA:143,11,0,-
BRDA:143,11,1,-
DA:144,3
BRDA:144,12,0,-
BRDA:144,12,1,-
DA:145,3
DA:146,3
DA:147,3
DA:152,6
FN:152,LockerHarvester.applyDestination
FNDA:6,LockerHarvester.applyDestination
DA:153,6
BRDA:153,13,0,-
BRDA:153,13,1,-
DA:154,5
BRDA:154,14,0,-
BRDA:154,14,1,-
DA:155,4
BRDA:155,15,0,-
BRDA:155,15,1,-
DA:157,2
DA:158,2
DA:159,2
DA:160,2
DA:161,2
DA:164,2
FN:164,LockerHarvester.cancelDestinationChange
FNDA:2,LockerHarvester.cancelDestinationChange
DA:165,2
BRDA:165,16,0,-
BRDA:165,16,1,-
DA:166,1
DA:167,1
DA:168,1
DA:171,2
FN:171,LockerHarvester.setDestinationDelay
FNDA:2,LockerHarvester.setDestinationDelay
DA:172,2
BRDA:172,17,0,-
BRDA:172,17,1,-
DA:173,1
BRDA:173,18,0,1
BRDA:173,18,1,1
DA:174,2
DA:183,2
FN:183,LockerHarvester.lockDestinationForever
FNDA:2,LockerHarvester.lockDestinationForever
DA:184,2
BRDA:184,19,0,-
BRDA:184,19,1,-
DA:185,2
BRDA:185,20,0,-
BRDA:185,20,1,-
DA:186,2
DA:187,2
FNF:9
FNH:9
LF:55
LH:55
BRF:41
BRH:16
end_of_record
TN:
SF:src/SpcxcSwapExecutor.sol
DA:62,537
FN:62,SpcxcSwapExecutor.onlyKeeper
FNDA:537,SpcxcSwapExecutor.onlyKeeper
DA:63,537
BRDA:63,0,0,-
BRDA:63,0,1,-
DA:66,542
FN:66,SpcxcSwapExecutor.onlyFloorSetterOrOwner
FNDA:542,SpcxcSwapExecutor.onlyFloorSetterOrOwner
DA:67,542
BRDA:67,1,0,542
BRDA:67,1,1,531
DA:71,284
FN:71,SpcxcSwapExecutor.constructor
FNDA:284,SpcxcSwapExecutor.constructor
DA:83,284
BRDA:83,2,0,284
BRDA:83,2,1,284
DA:88,284
BRDA:88,3,0,284
BRDA:88,3,1,283
DA:92,283
BRDA:92,4,0,283
BRDA:92,4,1,282
DA:97,282
BRDA:97,5,0,-
BRDA:97,5,1,-
DA:98,281
BRDA:98,6,0,281
BRDA:98,6,1,280
DA:99,280
BRDA:99,7,0,-
BRDA:99,7,1,-
DA:100,280
DA:101,280
DA:102,284
DA:103,280
DA:104,284
DA:105,284
DA:106,284
DA:112,534
FN:112,SpcxcSwapExecutor.processWeth
FNDA:534,SpcxcSwapExecutor.processWeth
DA:113,534
BRDA:113,8,0,-
BRDA:113,8,1,-
DA:114,533
BRDA:114,9,0,533
BRDA:114,9,1,532
DA:115,531
BRDA:115,10,0,531
BRDA:115,10,1,2
DA:116,530
DA:117,530
BRDA:117,11,0,-
BRDA:117,11,1,-
DA:118,530
DA:119,530
DA:120,530
DA:121,530
DA:122,530
DA:123,530
DA:124,530
DA:125,530
DA:126,527
DA:127,527
DA:128,527
BRDA:128,12,0,-
BRDA:128,12,1,-
DA:129,527
BRDA:129,13,0,524
BRDA:129,13,1,-
DA:130,524
DA:133,278
FN:133,SpcxcSwapExecutor.setKeeper
FNDA:278,SpcxcSwapExecutor.setKeeper
DA:134,278
BRDA:134,14,0,-
BRDA:134,14,1,-
DA:135,278
BRDA:135,15,0,278
BRDA:135,15,1,275
DA:136,277
DA:137,278
DA:142,11
FN:142,SpcxcSwapExecutor.setFloorSetter
FNDA:11,SpcxcSwapExecutor.setFloorSetter
DA:143,11
BRDA:143,16,0,-
BRDA:143,16,1,-
DA:144,10
BRDA:144,17,0,10
BRDA:144,17,1,9
DA:145,8
BRDA:145,18,0,8
BRDA:145,18,1,7
DA:146,7
DA:147,11
DA:151,6
FN:151,SpcxcSwapExecutor.setFloorLowerBound
FNDA:6,SpcxcSwapExecutor.setFloorLowerBound
DA:152,6
DA:153,6
DA:156,513
FN:156,SpcxcSwapExecutor.setSwapLimits
FNDA:513,SpcxcSwapExecutor.setSwapLimits
DA:157,513
BRDA:157,19,0,-
BRDA:157,19,1,-
DA:158,512
DA:159,512
DA:160,513
DA:164,538
FN:164,SpcxcSwapExecutor.setPriceFloor
FNDA:538,SpcxcSwapExecutor.setPriceFloor
DA:165,538
BRDA:165,20,0,-
BRDA:165,20,1,-
DA:166,537
BRDA:166,21,0,537
BRDA:166,21,1,11
DA:167,536
BRDA:167,22,0,536
BRDA:167,22,1,536
DA:168,535
DA:169,535
DA:170,538
DA:173,3
FN:173,SpcxcSwapExecutor.rescueToken
FNDA:3,SpcxcSwapExecutor.rescueToken
DA:174,3
BRDA:174,23,0,3
BRDA:174,23,1,2
DA:175,1
BRDA:175,24,0,-
BRDA:175,24,1,-
DA:176,3
DA:180,1
FN:180,SpcxcSwapExecutor.forwardSpcxc
FNDA:1,SpcxcSwapExecutor.forwardSpcxc
DA:181,1
DA:185,0
FN:185,SpcxcSwapExecutor.rescueETH
FNDA:0,SpcxcSwapExecutor.rescueETH
DA:186,0
BRDA:186,25,0,-
BRDA:186,25,1,-
DA:187,0
DA:188,0
BRDA:188,26,0,-
BRDA:188,26,1,-
FNF:12
FNH:11
LF:73
LH:69
BRF:54
BRH:27
end_of_record
TN:
SF:src/SplitsFeeRouter.sol
DA:27,13
FN:27,SplitsFeeRouter.constructor
FNDA:13,SplitsFeeRouter.constructor
DA:31,13
BRDA:31,0,0,13
BRDA:31,0,1,12
DA:33,11
BRDA:33,1,0,-
BRDA:33,1,1,-
DA:34,10
BRDA:34,2,0,10
BRDA:34,2,1,9
DA:35,9
DA:36,9
DA:37,35
BRDA:37,3,0,35
BRDA:37,3,1,35
DA:39,35
BRDA:39,4,0,-
BRDA:39,4,1,-
DA:41,8
BRDA:41,5,0,8
BRDA:41,5,1,-
DA:42,8
DA:43,8
DA:44,8
DA:45,8
DA:46,8
DA:47,8
DA:48,8
DA:49,8
DA:50,8
BRDA:50,6,0,8
BRDA:50,6,1,-
DA:51,8
DA:52,8
DA:53,8
DA:54,8
DA:55,8
BRDA:55,7,0,-
BRDA:55,7,1,-
DA:56,8
DA:57,8
DA:61,4
FN:61,SplitsFeeRouter.splitDickbutt
FNDA:4,SplitsFeeRouter.splitDickbutt
DA:64,266
FN:64,SplitsFeeRouter.splitWeth
FNDA:266,SplitsFeeRouter.splitWeth
DA:66,13
FN:66,SplitsFeeRouter.dickSplitConfig
FNDA:13,SplitsFeeRouter.dickSplitConfig
DA:67,13
DA:68,13
DA:69,13
DA:70,13
DA:71,13
DA:74,275
FN:74,SplitsFeeRouter.wethSplitConfig
FNDA:275,SplitsFeeRouter.wethSplitConfig
DA:75,275
DA:76,275
DA:77,275
DA:78,275
DA:79,275
DA:82,270
FN:82,SplitsFeeRouter._route
FNDA:270,SplitsFeeRouter._route
DA:83,270
DA:84,270
BRDA:84,8,0,261
DA:88,270
DA:89,270
BRDA:89,9,0,256
DA:90,256
DA:92,269
DA:95,16
FN:95,SplitsFeeRouter._validateSplit
FNDA:16,SplitsFeeRouter._validateSplit
DA:96,16
BRDA:96,10,0,16
BRDA:96,10,1,-
DA:97,16
BRDA:97,11,0,16
BRDA:97,11,1,-
DA:98,16
BRDA:98,12,0,16
BRDA:98,12,1,-
FNF:7
FNH:7
LF:50
LH:50
BRF:24
BRH:13
end_of_record
TN:
SF:test/FeeSplitter.t.sol
DA:14,14
FN:14,RouterMock.constructor
FNDA:14,RouterMock.constructor
DA:15,14
DA:16,14
DA:19,1
FN:19,RouterMock.setLie
FNDA:1,RouterMock.setLie
DA:20,1
DA:23,264
FN:23,RouterMock.exactInput
FNDA:264,RouterMock.exactInput
DA:24,264
DA:25,264
DA:26,264
DA:27,264
DA:28,264
BRDA:28,0,0,263
DA:29,264
FNF:3
FNH:3
LF:12
LH:12
BRF:1
BRH:1
end_of_record
TN:
SF:test/Harvesters.t.sol
DA:11,39
FN:11,PositionMock.mint
FNDA:39,PositionMock.mint
DA:12,39
DA:18,3
FN:18,PositionMock.configureFees
FNDA:3,PositionMock.configureFees
DA:19,3
DA:20,3
DA:23,263
FN:23,PositionMock.collect
FNDA:263,PositionMock.collect
DA:24,263
BRDA:24,0,0,-
BRDA:24,0,1,-
DA:25,263
BRDA:25,1,0,263
BRDA:25,1,1,263
DA:26,263
BRDA:26,2,0,3
DA:27,3
DA:28,3
DA:29,3
DA:31,260
DA:41,15
FN:41,LockerMock.constructor
FNDA:15,LockerMock.constructor
DA:42,15
DA:43,15
DA:44,15
DA:45,15
DA:48,13
FN:48,LockerMock.transferOwnership
FNDA:13,LockerMock.transferOwnership
DA:49,13
BRDA:49,3,0,-
BRDA:49,3,1,-
DA:50,13
DA:53,16
FN:53,LockerMock.released
FNDA:16,LockerMock.released
DA:54,16
DA:57,12
FN:57,LockerMock.end
FNDA:12,LockerMock.end
DA:58,12
DA:61,4
FN:61,LockerMock.release
FNDA:4,LockerMock.release
DA:62,4
BRDA:62,4,0,-
BRDA:62,4,1,-
DA:63,4
DA:67,2
FN:67,LockerMock.collectFees
FNDA:2,LockerMock.collectFees
DA:68,2
BRDA:68,5,0,2
BRDA:68,5,1,2
DA:69,2
FNF:9
FNH:9
LF:31
LH:31
BRF:11
BRH:5
end_of_record
TN:
SF:test/Integration.t.sol
DA:15,1
FN:15,FeeCycleLocker.constructor
FNDA:1,FeeCycleLocker.constructor
DA:16,1
DA:17,1
DA:18,1
DA:19,1
DA:20,1
DA:23,1
FN:23,FeeCycleLocker.transferOwnership
FNDA:1,FeeCycleLocker.transferOwnership
DA:24,1
BRDA:24,0,0,-
BRDA:24,0,1,-
DA:25,1
DA:28,1
FN:28,FeeCycleLocker.released
FNDA:1,FeeCycleLocker.released
DA:29,1
DA:32,0
FN:32,FeeCycleLocker.end
FNDA:0,FeeCycleLocker.end
DA:33,0
DA:36,0
FN:36,FeeCycleLocker.release
FNDA:0,FeeCycleLocker.release
DA:37,0
BRDA:37,1,0,-
BRDA:37,1,1,-
DA:38,0
DA:41,1
FN:41,FeeCycleLocker.collectFees
FNDA:1,FeeCycleLocker.collectFees
DA:42,1
BRDA:42,2,0,1
BRDA:42,2,1,1
DA:43,1
DA:44,1
FNF:6
FNH:4
LF:20
LH:15
BRF:6
BRH:2
end_of_record
TN:
SF:test/LegacyFees.t.sol
DA:9,11
FN:9,LegacySafeMock.constructor
FNDA:11,LegacySafeMock.constructor
DA:10,15
FN:10,LegacySafeMock.isModuleEnabled
FNDA:15,LegacySafeMock.isModuleEnabled
DA:11,2
FN:11,LegacySafeMock.setModule
FNDA:2,LegacySafeMock.setModule
DA:12,255
FN:12,LegacySafeMock.transferToken
FNDA:255,LegacySafeMock.transferToken
DA:13,255
BRDA:13,0,0,-
BRDA:13,0,1,-
DA:14,255
BRDA:14,1,0,253
BRDA:14,1,1,-
DA:20,12
FN:20,LegacyModuleMock.updateTokenCreator
FNDA:12,LegacyModuleMock.updateTokenCreator
DA:21,255
FN:21,LegacyModuleMock.tokenCreatorTransfer
FNDA:255,LegacyModuleMock.tokenCreatorTransfer
DA:22,255
BRDA:22,2,0,-
BRDA:22,2,1,-
DA:23,255
DA:24,255
BRDA:24,3,0,-
BRDA:24,3,1,-
DA:25,255
FNF:6
FNH:6
LF:12
LH:12
BRF:8
BRH:1
end_of_record
TN:
SF:test/RehearsalMocks.sol
DA:7,0
FN:7,RehearsalRewardToken.decimals
FNDA:0,RehearsalRewardToken.decimals
FNF:1
FNH:0
LF:1
LH:0
BRF:0
BRH:0
end_of_record
TN:
SF:test/ReservationInvariant.t.sol
DA:11,3
FN:11,ReservationHandler.constructor.0
FNDA:3,ReservationHandler.constructor.0
DA:12,3
DA:15,3
DA:16,3
DA:18,3266
FN:18,ReservationHandler.fund
FNDA:3266,ReservationHandler.fund
DA:19,3211
FN:19,ReservationHandler.propose
FNDA:3211,ReservationHandler.propose
DA:20,3211
BRDA:20,0,0,1285
DA:21,1926
BRDA:21,1,0,-
DA:22,1926
DA:23,1926
DA:24,1926
DA:26,3184
FN:26,ReservationHandler.activate
FNDA:3184,ReservationHandler.activate
DA:27,3184
DA:28,3184
BRDA:28,2,0,2566
BRDA:28,3,0,350
DA:30,3278
FN:30,ReservationHandler.cancel
FNDA:3278,ReservationHandler.cancel
DA:31,3278
DA:32,3278
BRDA:32,4,0,663
DA:34,3228
FN:34,ReservationHandler.close
FNDA:3228,ReservationHandler.close
DA:35,3228
BRDA:35,5,0,299
DA:37,3256
FN:37,ReservationHandler.pay
FNDA:3256,ReservationHandler.pay
DA:38,3256
BRDA:38,6,0,2942
DA:39,314
DA:40,314
DA:41,314
DA:42,314
DA:43,314
DA:44,314
DA:46,3330
FN:46,ReservationHandler.guidance
FNDA:3330,ReservationHandler.guidance
DA:74,2
FN:74,ReservationDefaultLimitsHandler.constructor.1
FNDA:2,ReservationDefaultLimitsHandler.constructor.1
DA:75,2018
FN:75,ReservationDefaultLimitsHandler.advanceTime
FNDA:2018,ReservationDefaultLimitsHandler.advanceTime
DA:79,1
FN:79,ReservationDefaultLimitsInvariantTest.setUp.0
FNDA:1,ReservationDefaultLimitsInvariantTest.setUp.0
DA:83,1
FN:83,ReservationZeroDelayHandler.constructor.2
FNDA:1,ReservationZeroDelayHandler.constructor.2
DA:87,1
FN:87,ReservationZeroDelayInvariantTest.setUp.1
FNDA:1,ReservationZeroDelayInvariantTest.setUp.1
FNF:13
FNH:13
LF:33
LH:33
BRF:7
BRH:6
end_of_record
TN:
SF:test/Support.sol
DA:13,9839
BRDA:13,0,0,-
BRDA:13,0,1,-
FN:13,Support.eq
FNDA:9839,Support.eq
DA:19,14073
FN:19,RewardMock.mint
FNDA:14073,RewardMock.mint
DA:20,1961
FN:20,RewardMock.setBlocked
FNDA:1961,RewardMock.setBlocked
DA:21,11
FN:21,RewardMock.setPaused
FNDA:11,RewardMock.setPaused
DA:22,21099
FN:22,RewardMock._update
FNDA:21099,RewardMock._update
DA:23,21099
BRDA:23,1,0,21099
BRDA:23,1,1,21097
DA:24,21099
FNF:5
FNH:5
LF:7
LH:7
BRF:4
BRH:2
end_of_record
TN:
SF:test/SwapExecutor.t.sol
DA:14,7
FN:14,ExecutorRouterMock.constructor
FNDA:7,ExecutorRouterMock.constructor
DA:15,2
FN:15,ExecutorRouterMock.setMode
FNDA:2,ExecutorRouterMock.setMode
DA:16,262
FN:16,ExecutorRouterMock.exactInput
FNDA:262,ExecutorRouterMock.exactInput
DA:17,262
DA:18,262
DA:19,262
BRDA:19,0,0,261
DA:20,262
FNF:3
FNH:3
LF:7
LH:7
BRF:1
BRH:1
end_of_record
TN:
SF:test/VammHarvester.t.sol
DA:11,14
FN:11,VammPoolMock.constructor
FNDA:14,VammPoolMock.constructor
DA:12,2
FN:12,VammPoolMock.setStable
FNDA:2,VammPoolMock.setStable
DA:13,2
FN:13,VammPoolMock.setPair
FNDA:2,VammPoolMock.setPair
DA:14,1025
FN:14,VammPoolMock.setFault
FNDA:1025,VammPoolMock.setFault
DA:15,1023
FN:15,VammPoolMock.setReentry
FNDA:1023,VammPoolMock.setReentry
DA:16,1297
FN:16,VammPoolMock.accrue
FNDA:1297,VammPoolMock.accrue
DA:17,1297
DA:18,1297
DA:20,1396
FN:20,VammPoolMock.claimFees
FNDA:1396,VammPoolMock.claimFees
DA:21,1396
BRDA:21,0,0,-
BRDA:21,0,1,-
DA:22,225
BRDA:22,1,0,225
DA:23,225
DA:24,225
DA:25,225
BRDA:25,2,0,-
BRDA:25,2,1,-
DA:27,1011
DA:28,1011
DA:29,207
BRDA:29,3,0,207
DA:30,989
BRDA:30,4,0,616
BRDA:30,5,0,616
BRDA:30,5,1,-
DA:31,989
BRDA:31,6,0,619
BRDA:31,7,0,619
BRDA:31,7,1,-
DA:37,16
FN:37,VammFactoryMock.configure
FNDA:16,VammFactoryMock.configure
DA:38,19
FN:38,VammFactoryMock.isPool
FNDA:19,VammFactoryMock.isPool
DA:39,18
FN:39,VammFactoryMock.getPool
FNDA:18,VammFactoryMock.getPool
FNF:10
FNH:10
LF:22
LH:22
BRF:12
BRH:6
end_of_record
TN:
SF:test/audit/AccountingInvariant.t.sol
DA:16,1
FN:16,AuditAccountingHandler.constructor
FNDA:1,AuditAccountingHandler.constructor
DA:17,1
DA:18,1
DA:19,1
DA:20,1
DA:22,536
FN:22,AuditAccountingHandler.leaf
FNDA:536,AuditAccountingHandler.leaf
DA:23,536
DA:25,8256
FN:25,AuditAccountingHandler.step
FNDA:8256,AuditAccountingHandler.step
DA:26,8256
DA:27,8256
DA:28,8256
BRDA:28,0,0,977
BRDA:28,0,1,-
DA:29,7279
BRDA:29,1,0,1081
BRDA:29,1,1,-
DA:30,6198
BRDA:30,2,0,873
BRDA:30,2,1,-
DA:31,873
DA:32,873
BRDA:32,3,0,658
DA:33,215
DA:34,215
DA:35,215
DA:37,5325
BRDA:37,4,0,1080
BRDA:37,5,0,972
BRDA:37,4,1,-
DA:38,4245
BRDA:38,6,0,848
BRDA:38,6,1,-
DA:39,848
BRDA:39,7,0,795
DA:40,53
DA:41,53
DA:42,53
DA:43,53
DA:44,53
DA:45,53
DA:46,53
DA:48,3397
BRDA:48,8,0,946
BRDA:48,9,0,866
BRDA:48,8,1,-
DA:49,2451
BRDA:49,10,0,911
BRDA:49,11,0,838
BRDA:49,10,1,-
DA:50,1540
BRDA:50,12,0,784
BRDA:50,12,1,-
DA:52,756
DA:53,756
DA:54,756
BRDA:54,13,0,-
BRDA:54,13,1,-
DA:56,977
DA:58,0
FN:58,AuditAccountingHandler.assertAccounting
FNDA:0,AuditAccountingHandler.assertAccounting
DA:59,0
DA:60,0
DA:61,0
DA:62,0
DA:63,0
BRDA:63,14,0,-
BRDA:63,14,1,-
DA:64,0
BRDA:64,15,0,-
BRDA:64,15,1,-
DA:65,0
BRDA:65,16,0,-
DA:66,0
DA:67,0
BRDA:67,17,0,-
BRDA:67,17,1,-
DA:69,0
BRDA:69,18,0,-
BRDA:69,18,1,-
DA:70,0
BRDA:70,19,0,-
BRDA:70,19,1,-
DA:71,0
BRDA:71,20,0,-
BRDA:71,20,1,-
DA:72,0
BRDA:72,21,0,-
BRDA:72,21,1,-
DA:73,0
BRDA:73,22,0,-
BRDA:73,22,1,-
FNF:4
FNH:3
LF:50
LH:35
BRF:40
BRH:13
end_of_record
TN:
SF:test/audit/DistributorSecurity.t.sol
DA:8,1
FN:8,AtomicProposer.reserveAndActivate
FNDA:1,AtomicProposer.reserveAndActivate
DA:9,1
DA:10,1
DA:16,1
FN:16,CallbackReward.mint.0
FNDA:1,CallbackReward.mint.0
DA:20,1
FN:20,CallbackReward.setTarget
FNDA:1,CallbackReward.setTarget
DA:21,2
FN:21,CallbackReward._update.0
FNDA:2,CallbackReward._update.0
DA:22,2
DA:23,2
BRDA:23,0,0,1
DA:24,1
DA:25,1
DA:26,1
DA:27,1
DA:28,1
DA:29,1
DA:30,1
DA:31,1
DA:32,1
DA:39,1
FN:39,TaxedAuditReward.mint.1
FNDA:1,TaxedAuditReward.mint.1
DA:40,2
FN:40,TaxedAuditReward._update.1
FNDA:2,TaxedAuditReward._update.1
DA:41,2
BRDA:41,1,1,1
BRDA:41,1,0,1
DA:42,1
DA:43,1
DA:44,1
FNF:6
FNH:6
LF:23
LH:23
BRF:3
BRH:3
end_of_record
TN:
SF:test/audit/FinalContractBoundaries.t.sol
DA:12,1
FN:12,FinalReturnToken.mint.0
FNDA:1,FinalReturnToken.mint.0
DA:13,2
FN:13,FinalReturnToken.setReturnMode
FNDA:2,FinalReturnToken.setReturnMode
DA:14,2
FN:14,FinalReturnToken.transfer
FNDA:2,FinalReturnToken.transfer
DA:15,2
BRDA:15,0,0,1
DA:16,1
DA:17,1
BRDA:17,1,0,1
DA:18,0
DA:27,1
FN:27,FinalActivationToken.mint.1
FNDA:1,FinalActivationToken.mint.1
DA:28,1
FN:28,FinalActivationToken.configure.0
FNDA:1,FinalActivationToken.configure.0
DA:29,3
FN:29,FinalActivationToken._update
FNDA:3,FinalActivationToken._update
DA:30,3
DA:31,3
BRDA:31,2,0,1
DA:32,1
DA:33,1
DA:46,258
FN:46,FinalAdversarialRouter.constructor
FNDA:258,FinalAdversarialRouter.constructor
DA:47,262
FN:47,FinalAdversarialRouter.configure.1
FNDA:262,FinalAdversarialRouter.configure.1
DA:48,262
FN:48,FinalAdversarialRouter.exactInput
FNDA:262,FinalAdversarialRouter.exactInput
DA:49,262
BRDA:49,3,0,1
BRDA:49,3,1,-
DA:50,1
DA:52,261
DA:54,261
BRDA:54,4,0,1
DA:55,1
DA:56,1
DA:58,260
BRDA:58,5,0,1
DA:59,260
BRDA:59,6,0,1
DA:60,1
DA:61,1
DA:62,1
DA:63,1
DA:64,1
DA:65,1
DA:67,260
DA:68,260
BRDA:68,7,0,1
DA:69,259
FNF:9
FNH:9
LF:34
LH:33
BRF:9
BRH:8
end_of_record
TN:
SF:test/audit/VammInvariant.t.sol
DA:12,1
FN:12,VammAuditHandler.constructor
FNDA:1,VammAuditHandler.constructor
DA:13,1
DA:14,1
DA:15,1
DA:16,1
DA:17,1
DA:19,1042
FN:19,VammAuditHandler.contribute
FNDA:1042,VammAuditHandler.contribute
DA:20,1033
FN:20,VammAuditHandler.accrue
FNDA:1033,VammAuditHandler.accrue
DA:21,991
FN:21,VammAuditHandler.donate
FNDA:991,VammAuditHandler.donate
DA:22,1025
FN:22,VammAuditHandler.advance
FNDA:1025,VammAuditHandler.advance
DA:23,1070
FN:23,VammAuditHandler.policy
FNDA:1070,VammAuditHandler.policy
DA:24,1022
FN:24,VammAuditHandler.fault
FNDA:1022,VammAuditHandler.fault
DA:25,1032
BRDA:25,0,0,1032
FN:25,VammAuditHandler.harvest
FNDA:1032,VammAuditHandler.harvest
DA:26,1041
FN:26,VammAuditHandler.attack
FNDA:1041,VammAuditHandler.attack
DA:27,1041
DA:31,1041
BRDA:31,1,0,-
FNF:9
FNH:9
LF:16
LH:16
BRF:2
BRH:1
end_of_record
